{
  "RSpec": {
    "coverage": {
      "/Users/Danilo/Desktop/fretadao/github_profile_indexer/spec/models/profile_info_spec.rb": {
        "lines": [
          1,
          null,
          1,
          1,
          1,
          1,
          1,
          null,
          null,
          1,
          1,
          1,
          1,
          null,
          null,
          1,
          1,
          1,
          1,
          1,
          1,
          null,
          null,
          1,
          1,
          1,
          1,
          null,
          null,
          1,
          1,
          1,
          1,
          null,
          null,
          1,
          1,
          1,
          1,
          null,
          null,
          1,
          1,
          1,
          1,
          null,
          null,
          1,
          1,
          1,
          1,
          null,
          null,
          null,
          1,
          2,
          null,
          null
        ]
      },
      "/Users/Danilo/Desktop/fretadao/github_profile_indexer/spec/rails_helper.rb": {
        "lines": [
          1,
          1,
          1,
          1,
          1,
          1,
          1,
          null,
          null,
          1,
          1,
          1,
          null,
          null,
          null,
          null,
          1,
          null,
          0,
          0,
          null,
          null,
          1,
          1,
          1,
          1,
          null,
          null,
          null,
          1,
          null,
          null,
          1,
          null,
          1,
          1,
          null,
          1,
          1,
          1,
          null,
          1,
          null,
          0,
          null,
          null,
          1,
          null,
          null,
          1,
          1,
          null,
          null,
          1,
          29,
          null,
          null,
          1,
          0,
          null,
          null,
          1,
          29,
          null,
          null,
          1,
          29,
          null,
          null
        ]
      },
      "/Users/Danilo/Desktop/fretadao/github_profile_indexer/config/environment.rb": {
        "lines": [
          null,
          1,
          null,
          null,
          1
        ]
      },
      "/Users/Danilo/Desktop/fretadao/github_profile_indexer/config/application.rb": {
        "lines": [
          1,
          null,
          1,
          null,
          null,
          null,
          null,
          1,
          null,
          1,
          1,
          null,
          1,
          null,
          null,
          null,
          null,
          1,
          null,
          null,
          null,
          null,
          null,
          null,
          null,
          null,
          null,
          null,
          1,
          null,
          null,
          1,
          null,
          null,
          null,
          1,
          null,
          null,
          1,
          null,
          null
        ]
      },
      "/Users/Danilo/Desktop/fretadao/github_profile_indexer/config/boot.rb": {
        "lines": [
          1,
          null,
          1,
          1
        ]
      },
      "/Users/Danilo/Desktop/fretadao/github_profile_indexer/config/environments/test.rb": {
        "lines": [
          1,
          null,
          null,
          null,
          1,
          null,
          null,
          null,
          null,
          null,
          1,
          null,
          null,
          1,
          1,
          null,
          null,
          null,
          null,
          1,
          1,
          1,
          null,
          null,
          1,
          null,
          null,
          1,
          null,
          null,
          1,
          null,
          1,
          null,
          null,
          null,
          null,
          1,
          null,
          null,
          1,
          null,
          null,
          1,
          null,
          null,
          1,
          null,
          null,
          1,
          null,
          null,
          null,
          null,
          null,
          null,
          null,
          null,
          1,
          null
        ]
      },
      "/Users/Danilo/Desktop/fretadao/github_profile_indexer/config/initializers/assets.rb": {
        "lines": [
          null,
          null,
          null,
          1,
          null,
          null,
          null,
          null,
          null,
          null,
          null,
          null
        ]
      },
      "/Users/Danilo/Desktop/fretadao/github_profile_indexer/config/initializers/content_security_policy.rb": {
        "lines": [
          null,
          null,
          null,
          null,
          null,
          null,
          null,
          null,
          null,
          null,
          null,
          null,
          null,
          null,
          null,
          null,
          null,
          null,
          null,
          null,
          null,
          null,
          null,
          null,
          null
        ]
      },
      "/Users/Danilo/Desktop/fretadao/github_profile_indexer/config/initializers/filter_parameter_logging.rb": {
        "lines": [
          null,
          null,
          null,
          null,
          null,
          1,
          null,
          null
        ]
      },
      "/Users/Danilo/Desktop/fretadao/github_profile_indexer/config/initializers/inflections.rb": {
        "lines": [
          null,
          null,
          null,
          null,
          null,
          null,
          null,
          null,
          null,
          null,
          null,
          null,
          null,
          null,
          null,
          null
        ]
      },
      "/Users/Danilo/Desktop/fretadao/github_profile_indexer/config/initializers/permissions_policy.rb": {
        "lines": [
          null,
          null,
          null,
          null,
          null,
          null,
          null,
          null,
          null,
          null,
          null,
          null,
          null
        ]
      },
      "/Users/Danilo/Desktop/fretadao/github_profile_indexer/spec/factories/profile_infos.rb": {
        "lines": [
          1,
          1,
          7,
          9,
          9,
          9,
          9,
          9,
          10,
          10,
          1,
          null,
          null
        ]
      },
      "/Users/Danilo/Desktop/fretadao/github_profile_indexer/spec/factories/profiles.rb": {
        "lines": [
          1,
          1,
          13,
          11,
          null,
          null
        ]
      },
      "/Users/Danilo/Desktop/fretadao/github_profile_indexer/config/routes.rb": {
        "lines": [
          1,
          1,
          null,
          1,
          1,
          1,
          null,
          null,
          1,
          1,
          null,
          null,
          null,
          1,
          null
        ]
      },
      "/Users/Danilo/Desktop/fretadao/github_profile_indexer/app/helpers/application_helper.rb": {
        "lines": [
          1,
          null
        ]
      },
      "/Users/Danilo/Desktop/fretadao/github_profile_indexer/app/helpers/home_helper.rb": {
        "lines": [
          1,
          null
        ]
      },
      "/Users/Danilo/Desktop/fretadao/github_profile_indexer/app/helpers/profiles_helper.rb": {
        "lines": [
          1,
          null
        ]
      },
      "/Users/Danilo/Desktop/fretadao/github_profile_indexer/app/models/profile_info.rb": {
        "lines": [
          1,
          1,
          null,
          1,
          1,
          null
        ]
      },
      "/Users/Danilo/Desktop/fretadao/github_profile_indexer/app/models/application_record.rb": {
        "lines": [
          1,
          1,
          null
        ]
      },
      "/Users/Danilo/Desktop/fretadao/github_profile_indexer/spec/models/profile_spec.rb": {
        "lines": [
          null,
          1,
          null,
          1,
          1,
          1,
          1,
          1,
          null,
          null,
          1,
          1,
          1,
          1,
          null,
          null,
          1,
          1,
          1,
          1,
          null,
          null,
          1,
          1,
          1,
          1,
          1,
          null,
          null,
          null,
          1,
          2,
          2,
          null,
          null
        ]
      },
      "/Users/Danilo/Desktop/fretadao/github_profile_indexer/app/models/profile.rb": {
        "lines": [
          1,
          1,
          1,
          null,
          1,
          1,
          null
        ]
      },
      "/Users/Danilo/Desktop/fretadao/github_profile_indexer/spec/services/github_scraper_spec.rb": {
        "lines": [
          1,
          null,
          1,
          5,
          5,
          1,
          4,
          null,
          null,
          null,
          null,
          null,
          null,
          null,
          null,
          null,
          null,
          1,
          4,
          null,
          null,
          null,
          null,
          null,
          null,
          1,
          4,
          4,
          null,
          null,
          1,
          1,
          1,
          1,
          null,
          1,
          1,
          1,
          1,
          1,
          1,
          1,
          1,
          null,
          null,
          null,
          1,
          1,
          1,
          1,
          null,
          null,
          1,
          2,
          null,
          null,
          null,
          null,
          1,
          1,
          1,
          1,
          null,
          null,
          1,
          1,
          1,
          null,
          null,
          1,
          1,
          1,
          null,
          null,
          null,
          null
        ]
      },
      "/Users/Danilo/Desktop/fretadao/github_profile_indexer/app/services/github_scraper.rb": {
        "lines": [
          1,
          1,
          4,
          4,
          4,
          null,
          4,
          null,
          3,
          null,
          null,
          1,
          1,
          null,
          1,
          null,
          null,
          null,
          null,
          null,
          null,
          null,
          null,
          null,
          null,
          1,
          null,
          1,
          3,
          3,
          3,
          null,
          3,
          null,
          2,
          2,
          2,
          null,
          null
        ]
      },
      "/Users/Danilo/Desktop/fretadao/github_profile_indexer/spec/services/profile_service_spec.rb": {
        "lines": [
          1,
          null,
          1,
          9,
          7,
          1,
          null,
          8,
          null,
          null,
          null,
          null,
          null,
          null,
          null,
          null,
          null,
          9,
          null,
          1,
          8,
          8,
          null,
          null,
          1,
          1,
          1,
          1,
          1,
          1,
          1,
          null,
          null,
          null,
          1,
          1,
          1,
          1,
          1,
          1,
          null,
          null,
          null,
          null,
          1,
          1,
          1,
          1,
          1,
          1,
          1,
          1,
          null,
          null,
          null,
          1,
          1,
          1,
          1,
          1,
          null,
          null,
          null,
          null,
          1,
          1,
          1,
          1,
          1,
          1,
          null,
          null,
          null,
          1,
          1,
          1,
          1,
          1,
          1,
          null,
          null,
          null,
          1,
          1,
          1,
          1,
          1,
          null,
          null,
          null,
          1,
          1,
          1,
          1,
          1,
          null,
          null,
          null
        ]
      },
      "/Users/Danilo/Desktop/fretadao/github_profile_indexer/app/services/profile_service.rb": {
        "lines": [
          1,
          1,
          5,
          null,
          null,
          1,
          2,
          2,
          2,
          null,
          2,
          null,
          0,
          null,
          null,
          1,
          2,
          null,
          2,
          2,
          null,
          2,
          null,
          0,
          null,
          null,
          1,
          3,
          3,
          null,
          null,
          1,
          4,
          null,
          4,
          4,
          4,
          0,
          null,
          4,
          null,
          null,
          null,
          1,
          4,
          null,
          4,
          4,
          null,
          null,
          1,
          1,
          1,
          null,
          null
        ]
      },
      "/Users/Danilo/Desktop/fretadao/github_profile_indexer/spec/services/url_shortener_service_spec.rb": {
        "lines": [
          null,
          1,
          null,
          1,
          3,
          2,
          3,
          2,
          null,
          1,
          2,
          null,
          null,
          1,
          1,
          1,
          1,
          null,
          1,
          1,
          null,
          1,
          null,
          null,
          null,
          1,
          1,
          1,
          null,
          1,
          1,
          null,
          1,
          null,
          1,
          null,
          null,
          null,
          null
        ]
      },
      "/Users/Danilo/Desktop/fretadao/github_profile_indexer/app/services/url_shortener_service.rb": {
        "lines": [
          1,
          1,
          2,
          2,
          null,
          null,
          1,
          2,
          1,
          null,
          1,
          1,
          null,
          null
        ]
      }
    },
    "timestamp": 1721261666
  }
}
